[2024-11-05T16:43:26.604123+00:00] info_logger.INFO: Partida nueva creada [] []
[2024-11-05T16:44:45.541707+00:00] info_logger.INFO: Partida nueva creada [] []
[2024-11-05T16:44:48.310954+00:00] info_logger.INFO: Partida restaurada [] []
[2024-11-05T16:45:14.864983+00:00] info_logger.INFO: Partida restaurada [] []
[2024-11-05T16:45:14.865509+00:00] info_logger.INFO: El jugador 1 ha hecho una jugada en la columna 1 [] []
[2024-11-05T16:45:16.254323+00:00] info_logger.INFO: Partida restaurada [] []
[2024-11-05T16:45:16.255193+00:00] info_logger.INFO: El jugador 1 ha hecho una jugada en la columna 2 [] []
[2024-11-05T16:45:23.668253+00:00] info_logger.INFO: Partida restaurada [] []
[2024-11-05T16:45:23.669227+00:00] info_logger.INFO: El jugador 1 ha hecho una jugada en la columna 5 [] []
[2024-11-05T16:51:18.604737+00:00] info_logger.INFO: Partida nueva creada [] []
[2024-11-05T16:51:36.072634+00:00] info_logger.INFO: Partida restaurada [] []
[2024-11-05T16:51:36.073136+00:00] info_logger.INFO: El jugador 2 ha hecho una jugada en la columna Array [] []
[2024-11-05T16:51:36.073230+00:00] info_logger.INFO: El jugador 1 ha hecho una jugada en la columna Array [] []
[2024-11-05T16:52:45.355490+00:00] info_logger.INFO: Partida nueva creada [] []
[2024-11-05T16:52:47.823039+00:00] info_logger.INFO: Partida restaurada [] []
[2024-11-05T16:52:47.823759+00:00] info_logger.INFO: El jugador 2 ha hecho una jugada en la columna 1 y la fila 5 [] []
[2024-11-05T16:52:47.823904+00:00] info_logger.INFO: El jugador 1 ha hecho una jugada en la columna 2 y la fila 5 [] []
[2024-11-05T16:52:55.694694+00:00] info_logger.INFO: Partida restaurada [] []
[2024-11-05T16:52:55.695148+00:00] info_logger.INFO: El jugador 2 ha hecho una jugada en la columna 5 y la fila 5 [] []
[2024-11-05T16:52:55.695233+00:00] info_logger.INFO: El jugador 1 ha hecho una jugada en la columna 4 y la fila 5 [] []
[2024-11-05T16:53:03.445524+00:00] info_logger.INFO: Partida restaurada [] []
[2024-11-05T16:53:03.446108+00:00] info_logger.INFO: El jugador 1 ha hecho una jugada en la columna  y la fila  [] []
[2024-11-05T16:53:03.446217+00:00] info_logger.INFO: El jugador 2 ha hecho una jugada en la columna 3 y la fila 5 [] []
[2024-11-05T16:53:19.466230+00:00] info_logger.INFO: Partida restaurada [] []
[2024-11-05T16:53:22.848339+00:00] info_logger.INFO: Partida restaurada [] []
[2024-11-05T16:53:22.849174+00:00] info_logger.INFO: Se ha reiniciado la partida [] []
[2024-11-05T16:53:28.354470+00:00] info_logger.INFO: Partida restaurada [] []
[2024-11-05T16:53:28.355196+00:00] info_logger.INFO: El jugador 2 ha hecho una jugada en la columna 1 y la fila 5 [] []
[2024-11-05T16:53:28.355332+00:00] info_logger.INFO: El jugador 1 ha hecho una jugada en la columna 2 y la fila 5 [] []
[2024-11-05T16:53:29.076448+00:00] info_logger.INFO: Partida restaurada [] []
[2024-11-05T16:53:29.076913+00:00] info_logger.INFO: El jugador 2 ha hecho una jugada en la columna 1 y la fila 4 [] []
[2024-11-05T16:53:29.076999+00:00] info_logger.INFO: El jugador 1 ha hecho una jugada en la columna 4 y la fila 5 [] []
[2024-11-05T16:53:29.810346+00:00] info_logger.INFO: Partida restaurada [] []
[2024-11-05T16:53:29.811084+00:00] info_logger.INFO: El jugador 2 ha hecho una jugada en la columna 1 y la fila 3 [] []
[2024-11-05T16:53:29.811164+00:00] info_logger.INFO: El jugador 1 ha hecho una jugada en la columna 1 y la fila 2 [] []
[2024-11-05T16:53:31.011260+00:00] info_logger.INFO: Partida restaurada [] []
[2024-11-05T16:53:31.011723+00:00] info_logger.INFO: El jugador 2 ha hecho una jugada en la columna 1 y la fila 1 [] []
[2024-11-05T16:53:31.011811+00:00] info_logger.INFO: El jugador 1 ha hecho una jugada en la columna 3 y la fila 5 [] []
[2024-11-05T16:53:33.134983+00:00] info_logger.INFO: Partida restaurada [] []
[2024-11-05T16:53:33.135443+00:00] info_logger.INFO: El jugador 2 ha hecho una jugada en la columna 0 y la fila 5 [] []
[2024-11-05T16:53:33.135569+00:00] info_logger.INFO: El jugador 1 ha hecho una jugada en la columna 2 y la fila 4 [] []
[2024-11-05T16:53:34.501345+00:00] info_logger.INFO: Partida restaurada [] []
[2024-11-05T16:53:34.501822+00:00] info_logger.INFO: El jugador 2 ha hecho una jugada en la columna 0 y la fila 4 [] []
[2024-11-05T16:53:34.501916+00:00] info_logger.INFO: El jugador 1 ha hecho una jugada en la columna 2 y la fila 3 [] []
[2024-11-05T16:53:35.669113+00:00] info_logger.INFO: Partida restaurada [] []
[2024-11-05T16:53:35.669562+00:00] info_logger.INFO: El jugador 2 ha hecho una jugada en la columna 0 y la fila 3 [] []
[2024-11-05T16:53:35.669605+00:00] info_logger.INFO: El jugador 1 ha hecho una jugada en la columna 0 y la fila 2 [] []
[2024-11-05T16:53:37.101091+00:00] info_logger.INFO: Partida restaurada [] []
[2024-11-05T16:53:37.101673+00:00] info_logger.INFO: El jugador 2 ha hecho una jugada en la columna 0 y la fila 1 [] []
[2024-11-05T16:53:37.101775+00:00] info_logger.INFO: El jugador 2 ha hecho una jugada en la columna 3 y la fila 4 [] []
[2024-11-05T16:55:06.331746+00:00] info_logger.INFO: Partida restaurada [] []
[2024-11-05T16:55:06.332330+00:00] info_logger.INFO: Se va a eliminar la partida [] []
[2024-11-05T16:58:35.734656+00:00] info_logger.INFO: Partida nueva creada [] []
[2024-11-05T16:58:37.999287+00:00] info_logger.INFO: Partida restaurada [] []
[2024-11-05T16:58:37.999752+00:00] info_logger.INFO: Se va a eliminar la partida [] []
[2024-11-05T16:59:27.713455+00:00] info_logger.INFO: Partida nueva creada [] []
[2024-11-05T16:59:30.456718+00:00] info_logger.INFO: Partida restaurada [] []
[2024-11-05T16:59:30.457250+00:00] info_logger.INFO: Se va a eliminar la partida [] []
[2024-11-05T16:59:33.906051+00:00] info_logger.INFO: Partida nueva creada [] []
[2024-11-05T17:00:08.524315+00:00] info_logger.INFO: Partida restaurada [] []
[2024-11-05T17:00:12.426825+00:00] info_logger.INFO: Partida restaurada [] []
[2024-11-05T17:00:12.427817+00:00] info_logger.INFO: Se va a eliminar la partida [] []
[2024-11-05T17:00:15.067793+00:00] info_logger.INFO: Partida nueva creada [] []
[2024-11-05T17:00:16.800189+00:00] info_logger.INFO: Partida restaurada [] []
[2024-11-05T17:00:16.800885+00:00] info_logger.INFO: Se va a eliminar la partida [] []
[2024-11-05T17:00:19.451694+00:00] info_logger.INFO: Partida nueva creada [] []
